<?xml version="1.0" encoding="UTF-8"?>
<testng-results skipped="0" failed="1" total="1" passed="0">
  <reporter-output>
  </reporter-output>
  <suite name="Default suite" duration-ms="1192177" started-at="2016-10-25T12:51:13Z" finished-at="2016-10-25T13:11:05Z">
    <groups>
    </groups>
    <test name="Default test" duration-ms="1192177" started-at="2016-10-25T12:51:13Z" finished-at="2016-10-25T13:11:05Z">
      <class name="DatabasePack.DatabaseConnection">
        <test-method status="FAIL" signature="getDBData()[pri:0, instance:DatabasePack.DatabaseConnection@64c87930]" name="getDBData" duration-ms="1189529" started-at="2016-10-25T14:51:13Z" finished-at="2016-10-25T15:11:03Z">
          <exception class="com.ibm.as400.access.AS400JDBCSQLSyntaxErrorException">
            <message>
              <![CDATA[[SQL0204] ISOR1PF in DURGA type *FILE not found.]]>
            </message>
            <full-stacktrace>
              <![CDATA[com.ibm.as400.access.AS400JDBCSQLSyntaxErrorException: [SQL0204] ISOR1PF in DURGA type *FILE not found.
	at com.ibm.as400.access.JDError.createSQLExceptionSubClass(JDError.java:885)
	at com.ibm.as400.access.JDError.throwSQLException(JDError.java:686)
	at com.ibm.as400.access.AS400JDBCStatement.commonPrepare(AS400JDBCStatement.java:1823)
	at com.ibm.as400.access.AS400JDBCStatement.executeQuery(AS400JDBCStatement.java:2446)
	at DatabasePack.DatabaseConnection.getDBData(DatabaseConnection.java:29)
	at sun.reflect.NativeMethodAccessorImpl.invoke0(Native Method)
	at sun.reflect.NativeMethodAccessorImpl.invoke(Unknown Source)
	at sun.reflect.DelegatingMethodAccessorImpl.invoke(Unknown Source)
	at java.lang.reflect.Method.invoke(Unknown Source)
	at org.testng.internal.MethodInvocationHelper.invokeMethod(MethodInvocationHelper.java:86)
	at org.testng.internal.Invoker.invokeMethod(Invoker.java:645)
	at org.testng.internal.Invoker.invokeTestMethod(Invoker.java:822)
	at org.testng.internal.Invoker.invokeTestMethods(Invoker.java:1130)
	at org.testng.internal.TestMethodWorker.invokeTestMethods(TestMethodWorker.java:129)
	at org.testng.internal.TestMethodWorker.run(TestMethodWorker.java:112)
	at org.testng.TestRunner.privateRun(TestRunner.java:782)
	at org.testng.TestRunner.run(TestRunner.java:632)
	at org.testng.SuiteRunner.runTest(SuiteRunner.java:366)
	at org.testng.SuiteRunner.runSequentially(SuiteRunner.java:361)
	at org.testng.SuiteRunner.privateRun(SuiteRunner.java:319)
	at org.testng.SuiteRunner.run(SuiteRunner.java:268)
	at org.testng.SuiteRunnerWorker.runSuite(SuiteRunnerWorker.java:52)
	at org.testng.SuiteRunnerWorker.run(SuiteRunnerWorker.java:86)
	at org.testng.TestNG.runSuitesSequentially(TestNG.java:1244)
	at org.testng.TestNG.runSuitesLocally(TestNG.java:1169)
	at org.testng.TestNG.run(TestNG.java:1064)
	at org.testng.remote.RemoteTestNG.run(RemoteTestNG.java:113)
	at org.testng.remote.RemoteTestNG.initAndRun(RemoteTestNG.java:206)
	at org.testng.remote.RemoteTestNG.main(RemoteTestNG.java:177)
]]>
            </full-stacktrace>
          </exception> <!-- com.ibm.as400.access.AS400JDBCSQLSyntaxErrorException -->
          <reporter-output>
          </reporter-output>
        </test-method> <!-- getDBData -->
      </class> <!-- DatabasePack.DatabaseConnection -->
    </test> <!-- Default test -->
  </suite> <!-- Default suite -->
</testng-results>
